0 info it worked if it ends with ok
1 verbose cli [ 'E:\\install\\nodejs\\node.exe',
1 verbose cli   'E:\\install\\nodejs\\node_modules\\npm\\bin\\npm-cli.js',
1 verbose cli   'install',
1 verbose cli   '--save-dev',
1 verbose cli   'child_process' ]
2 info using npm@2.15.0
3 info using node@v4.4.2
4 verbose install initial load of E:\code\webstorm\redux_stu\package.json
5 warn package.json redux_stu@1.0.0 No README data
6 verbose installManyTop reading scoped package data from E:\code\webstorm\redux_stu\node_modules\babel-core\package.json
7 verbose installManyTop reading scoped package data from E:\code\webstorm\redux_stu\node_modules\babel-loader\package.json
8 verbose installManyTop reading scoped package data from E:\code\webstorm\redux_stu\node_modules\babel-plugin-transform-object-rest-spread\package.json
9 verbose installManyTop reading scoped package data from E:\code\webstorm\redux_stu\node_modules\babel-plugin-transform-runtime\package.json
10 verbose installManyTop reading scoped package data from E:\code\webstorm\redux_stu\node_modules\babel-polyfill\package.json
11 verbose installManyTop reading scoped package data from E:\code\webstorm\redux_stu\node_modules\babel-preset-es2015\package.json
12 verbose installManyTop reading scoped package data from E:\code\webstorm\redux_stu\node_modules\babel-preset-react\package.json
13 verbose installManyTop reading scoped package data from E:\code\webstorm\redux_stu\node_modules\babel-preset-stage-0\package.json
14 verbose installManyTop reading scoped package data from E:\code\webstorm\redux_stu\node_modules\babel-preset-stage-2\package.json
15 verbose installManyTop reading scoped package data from E:\code\webstorm\redux_stu\node_modules\babel-runtime\package.json
16 verbose installManyTop reading scoped package data from E:\code\webstorm\redux_stu\node_modules\classnames\package.json
17 verbose installManyTop reading scoped package data from E:\code\webstorm\redux_stu\node_modules\dns\package.json
18 verbose installManyTop reading scoped package data from E:\code\webstorm\redux_stu\node_modules\eslint\package.json
19 verbose installManyTop reading scoped package data from E:\code\webstorm\redux_stu\node_modules\eslint-loader\package.json
20 verbose installManyTop reading scoped package data from E:\code\webstorm\redux_stu\node_modules\extract-text-webpack-plugin\package.json
21 verbose installManyTop reading scoped package data from E:\code\webstorm\redux_stu\node_modules\fs\package.json
22 verbose installManyTop reading scoped package data from E:\code\webstorm\redux_stu\node_modules\html-webpack-plugin\package.json
23 verbose installManyTop reading scoped package data from E:\code\webstorm\redux_stu\node_modules\immutable\package.json
24 verbose installManyTop reading scoped package data from E:\code\webstorm\redux_stu\node_modules\joi\package.json
25 verbose installManyTop reading scoped package data from E:\code\webstorm\redux_stu\node_modules\joi-validation-strategy\package.json
26 verbose installManyTop reading scoped package data from E:\code\webstorm\redux_stu\node_modules\jquery\package.json
27 verbose installManyTop reading scoped package data from E:\code\webstorm\redux_stu\node_modules\lodash\package.json
28 verbose installManyTop reading scoped package data from E:\code\webstorm\redux_stu\node_modules\net\package.json
29 verbose installManyTop reading scoped package data from E:\code\webstorm\redux_stu\node_modules\react\package.json
30 verbose installManyTop reading scoped package data from E:\code\webstorm\redux_stu\node_modules\react-dom\package.json
31 verbose installManyTop reading scoped package data from E:\code\webstorm\redux_stu\node_modules\react-hot-loader\package.json
32 verbose installManyTop reading scoped package data from E:\code\webstorm\redux_stu\node_modules\react-redux\package.json
33 verbose installManyTop reading scoped package data from E:\code\webstorm\redux_stu\node_modules\react-validation-mixin\package.json
34 verbose installManyTop reading scoped package data from E:\code\webstorm\redux_stu\node_modules\redux\package.json
35 verbose installManyTop reading scoped package data from E:\code\webstorm\redux_stu\node_modules\redux-devtools\package.json
36 verbose installManyTop reading scoped package data from E:\code\webstorm\redux_stu\node_modules\redux-form\package.json
37 verbose installManyTop reading scoped package data from E:\code\webstorm\redux_stu\node_modules\tap\package.json
38 verbose installManyTop reading scoped package data from E:\code\webstorm\redux_stu\node_modules\underscore\package.json
39 verbose installManyTop reading scoped package data from E:\code\webstorm\redux_stu\node_modules\uniquid\package.json
40 verbose installManyTop reading scoped package data from E:\code\webstorm\redux_stu\node_modules\webpack\package.json
41 verbose installManyTop reading scoped package data from E:\code\webstorm\redux_stu\node_modules\webpack-dev-server\package.json
42 info package.json fs@0.0.2 fs is also the name of a node core module.
43 info package.json fs@0.0.2 No description
44 info package.json fs@0.0.2 No repository field.
45 info package.json fs@0.0.2 No README data
46 info package.json react-validation-mixin@5.4.0 No README data
47 info package.json redux-form@5.3.2 No README data
48 info package.json babel-polyfill@6.9.1 No description
49 info package.json dns@0.2.2 dns is also the name of a node core module.
50 info package.json dns@0.2.2 No license field.
51 info package.json net@1.0.2 net is also the name of a node core module.
52 info package.json net@1.0.2 'repositories' (plural) Not supported. Please pick one as the 'repository' field
53 info package.json net@1.0.2 No README data
54 info package.json net@1.0.2 license should be a valid SPDX license expression
55 verbose readDependencies loading dependencies from E:\code\webstorm\redux_stu\package.json
56 silly cache add args [ 'child_process', null ]
57 verbose cache add spec child_process
58 silly cache add parsed spec Result {
58 silly cache add   raw: 'child_process',
58 silly cache add   scope: null,
58 silly cache add   name: 'child_process',
58 silly cache add   rawSpec: '',
58 silly cache add   spec: 'latest',
58 silly cache add   type: 'tag' }
59 silly addNamed child_process@latest
60 verbose addNamed "latest" is being treated as a dist-tag for child_process
61 info addNameTag [ 'child_process', 'latest' ]
62 silly mapToRegistry name child_process
63 silly mapToRegistry using default registry
64 silly mapToRegistry registry https://registry.npmjs.org/
65 silly mapToRegistry data Result {
65 silly mapToRegistry   raw: 'child_process',
65 silly mapToRegistry   scope: null,
65 silly mapToRegistry   name: 'child_process',
65 silly mapToRegistry   rawSpec: '',
65 silly mapToRegistry   spec: 'latest',
65 silly mapToRegistry   type: 'tag' }
66 silly mapToRegistry uri https://registry.npmjs.org/child_process
67 verbose addNameTag registry:https://registry.npmjs.org/child_process not in flight; fetching
68 verbose request uri https://registry.npmjs.org/child_process
69 verbose request no auth needed
70 info attempt registry request try #1 at 15:25:53
71 verbose request id a7f0d94c60818355
72 http request GET https://registry.npmjs.org/child_process
73 http 404 https://registry.npmjs.org/child_process
74 verbose headers { 'content-type': 'application/json',
74 verbose headers   'cache-control': 'max-age=0',
74 verbose headers   'content-length': '2',
74 verbose headers   'accept-ranges': 'bytes',
74 verbose headers   date: 'Tue, 09 Aug 2016 07:21:49 GMT',
74 verbose headers   via: '1.1 varnish',
74 verbose headers   age: '0',
74 verbose headers   connection: 'close',
74 verbose headers   'x-served-by': 'cache-hkg6826-HKG',
74 verbose headers   'x-cache': 'MISS',
74 verbose headers   'x-cache-hits': '0',
74 verbose headers   'x-timer': 'S1470727308.896531,VS0,VE202',
74 verbose headers   vary: 'Accept-Encoding' }
75 silly get cb [ 404,
75 silly get   { 'content-type': 'application/json',
75 silly get     'cache-control': 'max-age=0',
75 silly get     'content-length': '2',
75 silly get     'accept-ranges': 'bytes',
75 silly get     date: 'Tue, 09 Aug 2016 07:21:49 GMT',
75 silly get     via: '1.1 varnish',
75 silly get     age: '0',
75 silly get     connection: 'close',
75 silly get     'x-served-by': 'cache-hkg6826-HKG',
75 silly get     'x-cache': 'MISS',
75 silly get     'x-cache-hits': '0',
75 silly get     'x-timer': 'S1470727308.896531,VS0,VE202',
75 silly get     vary: 'Accept-Encoding' } ]
76 verbose stack Error: Registry returned 404 for GET on https://registry.npmjs.org/child_process
76 verbose stack     at makeError (E:\install\nodejs\node_modules\npm\node_modules\npm-registry-client\lib\request.js:264:12)
76 verbose stack     at CachingRegistryClient.<anonymous> (E:\install\nodejs\node_modules\npm\node_modules\npm-registry-client\lib\request.js:242:14)
76 verbose stack     at Request._callback (E:\install\nodejs\node_modules\npm\node_modules\npm-registry-client\lib\request.js:172:14)
76 verbose stack     at Request.self.callback (E:\install\nodejs\node_modules\npm\node_modules\request\request.js:199:22)
76 verbose stack     at emitTwo (events.js:87:13)
76 verbose stack     at Request.emit (events.js:172:7)
76 verbose stack     at Request.<anonymous> (E:\install\nodejs\node_modules\npm\node_modules\request\request.js:1036:10)
76 verbose stack     at emitOne (events.js:82:20)
76 verbose stack     at Request.emit (events.js:169:7)
76 verbose stack     at IncomingMessage.<anonymous> (E:\install\nodejs\node_modules\npm\node_modules\request\request.js:963:12)
77 verbose statusCode 404
78 verbose pkgid child_process
79 verbose cwd E:\code\webstorm\redux_stu
80 error Windows_NT 6.1.7601
81 error argv "E:\\install\\nodejs\\node.exe" "E:\\install\\nodejs\\node_modules\\npm\\bin\\npm-cli.js" "install" "--save-dev" "child_process"
82 error node v4.4.2
83 error npm  v2.15.0
84 error code E404
85 error 404 Registry returned 404 for GET on https://registry.npmjs.org/child_process
85 error 404
85 error 404 'child_process' is not in the npm registry.
85 error 404 Your package name is not valid, because
85 error 404
85 error 404  1. child_process is a core module name
85 error 404 It was specified as a dependency of 'redux_stu'
85 error 404
85 error 404 Note that you can also install from a
85 error 404 tarball, folder, http url, or git url.
86 verbose exit [ 1, true ]
